<?xml version="1.0" encoding="UTF-8"?>
<testng-results ignored="1" total="2" passed="1" failed="0" skipped="0">
  <reporter-output>
  </reporter-output>
  <suite started-at="2023-05-09T15:43:15 ICT" name="TestNG Suite" finished-at="2023-05-09T15:43:40 ICT" duration-ms="25381">
    <groups>
    </groups>
    <test started-at="2023-05-09T15:43:15 ICT" name="Params" finished-at="2023-05-09T15:43:40 ICT" duration-ms="25381">
      <class name="scripts.MobileTest">
        <test-method is-config="true" signature="startTest(org.testng.ITestContext)[pri:0, instance:scripts.MobileTest@76b1e9b8]" started-at="2023-05-09T15:43:15 ICT" name="startTest" finished-at="2023-05-09T15:43:15 ICT" duration-ms="10" status="PASS">
          <params>
            <param index="0">
              <value>
                <![CDATA[org.testng.TestRunner@3932c79a]]>
              </value>
            </param>
          </params>
          <reporter-output>
          </reporter-output>
        </test-method> <!-- startTest -->
        <test-method is-config="true" signature="setUpDriver()[pri:0, instance:scripts.MobileTest@76b1e9b8]" started-at="2023-05-09T15:43:15 ICT" name="setUpDriver" finished-at="2023-05-09T15:43:15 ICT" duration-ms="452" status="PASS">
          <reporter-output>
          </reporter-output>
        </test-method> <!-- setUpDriver -->
        <test-method is-config="true" signature="createDriver(java.lang.String)[pri:0, instance:scripts.MobileTest@76b1e9b8]" started-at="2023-05-09T15:43:15 ICT" name="createDriver" finished-at="2023-05-09T15:43:22 ICT" duration-ms="6422" status="PASS">
          <params>
            <param index="0">
              <value>
                <![CDATA[android1]]>
              </value>
            </param>
          </params>
          <reporter-output>
          </reporter-output>
        </test-method> <!-- createDriver -->
        <test-method signature="loginUser(java.lang.String,java.lang.String)[pri:0, instance:scripts.MobileTest@76b1e9b8]" started-at="2023-05-09T15:43:22 ICT" name="loginUser" data-provider="user" finished-at="2023-05-09T15:43:38 ICT" duration-ms="16230" status="PASS">
          <params>
            <param index="0">
              <value>
                <![CDATA[bob@example.com]]>
              </value>
            </param>
            <param index="1">
              <value>
                <![CDATA[10203040]]>
              </value>
            </param>
          </params>
          <reporter-output>
          </reporter-output>
        </test-method> <!-- loginUser -->
        <test-method is-config="true" signature="tearDown()[pri:0, instance:scripts.MobileTest@76b1e9b8]" started-at="2023-05-09T15:43:38 ICT" name="tearDown" finished-at="2023-05-09T15:43:40 ICT" duration-ms="2243" status="PASS">
          <reporter-output>
          </reporter-output>
        </test-method> <!-- tearDown -->
      </class> <!-- scripts.MobileTest -->
    </test> <!-- Params -->
  </suite> <!-- TestNG Suite -->
</testng-results>
